Analysis & Synthesis report for quartus
Tue Nov 12 16:00:36 2024
Quartus II 64-Bit Version 13.1.0 Build 162 10/23/2013 SJ Web Edition


---------------------
; Table of Contents ;
---------------------
  1. Legal Notice
  2. Analysis & Synthesis Summary
  3. Analysis & Synthesis Settings
  4. Parallel Compilation
  5. Analysis & Synthesis Source Files Read
  6. Analysis & Synthesis Resource Usage Summary
  7. Analysis & Synthesis Resource Utilization by Entity
  8. Registers Removed During Synthesis
  9. General Register Statistics
 10. Multiplexer Restructuring Statistics (Restructuring Performed)
 11. Elapsed Time Per Partition
 12. Analysis & Synthesis Messages



----------------
; Legal Notice ;
----------------
Copyright (C) 1991-2013 Altera Corporation
Your use of Altera Corporation's design tools, logic functions 
and other software and tools, and its AMPP partner logic 
functions, and any output files from any of the foregoing 
(including device programming or simulation files), and any 
associated documentation or information are expressly subject 
to the terms and conditions of the Altera Program License 
Subscription Agreement, Altera MegaCore Function License 
Agreement, or other applicable license agreement, including, 
without limitation, that your use is for the sole purpose of 
programming logic devices manufactured by Altera and sold by 
Altera or its authorized distributors.  Please refer to the 
applicable agreement for further details.



+------------------------------------------------------------------------------+
; Analysis & Synthesis Summary                                                 ;
+---------------------------------+--------------------------------------------+
; Analysis & Synthesis Status     ; Successful - Tue Nov 12 16:00:36 2024      ;
; Quartus II 64-Bit Version       ; 13.1.0 Build 162 10/23/2013 SJ Web Edition ;
; Revision Name                   ; quartus                                    ;
; Top-level Entity Name           ; Top                                        ;
; Family                          ; Cyclone V                                  ;
; Logic utilization (in ALMs)     ; N/A                                        ;
; Total registers                 ; 97                                         ;
; Total pins                      ; 51                                         ;
; Total virtual pins              ; 0                                          ;
; Total block memory bits         ; 0                                          ;
; Total DSP Blocks                ; 0                                          ;
; Total HSSI RX PCSs              ; 0                                          ;
; Total HSSI PMA RX Deserializers ; 0                                          ;
; Total HSSI TX PCSs              ; 0                                          ;
; Total HSSI TX Channels          ; 0                                          ;
; Total PLLs                      ; 0                                          ;
; Total DLLs                      ; 0                                          ;
+---------------------------------+--------------------------------------------+


+---------------------------------------------------------------------------------------------------------------------------+
; Analysis & Synthesis Settings                                                                                             ;
+---------------------------------------------------------------------------------+--------------------+--------------------+
; Option                                                                          ; Setting            ; Default Value      ;
+---------------------------------------------------------------------------------+--------------------+--------------------+
; Device                                                                          ; 5CEBA7F27C7        ;                    ;
; Top-level entity name                                                           ; Top                ; quartus            ;
; Family name                                                                     ; Cyclone V          ; Cyclone IV GX      ;
; Use smart compilation                                                           ; Off                ; Off                ;
; Enable parallel Assembler and TimeQuest Timing Analyzer during compilation      ; On                 ; On                 ;
; Enable compact report table                                                     ; Off                ; Off                ;
; Restructure Multiplexers                                                        ; Auto               ; Auto               ;
; MLAB Add Timing Constraints For Mixed-Port Feed-Through Mode Setting Don't Care ; Off                ; Off                ;
; Create Debugging Nodes for IP Cores                                             ; Off                ; Off                ;
; Preserve fewer node names                                                       ; On                 ; On                 ;
; Disable OpenCore Plus hardware evaluation                                       ; Off                ; Off                ;
; Verilog Version                                                                 ; Verilog_2001       ; Verilog_2001       ;
; VHDL Version                                                                    ; VHDL_1993          ; VHDL_1993          ;
; State Machine Processing                                                        ; Auto               ; Auto               ;
; Safe State Machine                                                              ; Off                ; Off                ;
; Extract Verilog State Machines                                                  ; On                 ; On                 ;
; Extract VHDL State Machines                                                     ; On                 ; On                 ;
; Ignore Verilog initial constructs                                               ; Off                ; Off                ;
; Iteration limit for constant Verilog loops                                      ; 5000               ; 5000               ;
; Iteration limit for non-constant Verilog loops                                  ; 250                ; 250                ;
; Add Pass-Through Logic to Inferred RAMs                                         ; On                 ; On                 ;
; Infer RAMs from Raw Logic                                                       ; On                 ; On                 ;
; Parallel Synthesis                                                              ; On                 ; On                 ;
; DSP Block Balancing                                                             ; Auto               ; Auto               ;
; NOT Gate Push-Back                                                              ; On                 ; On                 ;
; Power-Up Don't Care                                                             ; On                 ; On                 ;
; Remove Redundant Logic Cells                                                    ; Off                ; Off                ;
; Remove Duplicate Registers                                                      ; On                 ; On                 ;
; Ignore CARRY Buffers                                                            ; Off                ; Off                ;
; Ignore CASCADE Buffers                                                          ; Off                ; Off                ;
; Ignore GLOBAL Buffers                                                           ; Off                ; Off                ;
; Ignore ROW GLOBAL Buffers                                                       ; Off                ; Off                ;
; Ignore LCELL Buffers                                                            ; Off                ; Off                ;
; Ignore SOFT Buffers                                                             ; On                 ; On                 ;
; Limit AHDL Integers to 32 Bits                                                  ; Off                ; Off                ;
; Optimization Technique                                                          ; Balanced           ; Balanced           ;
; Carry Chain Length                                                              ; 70                 ; 70                 ;
; Auto Carry Chains                                                               ; On                 ; On                 ;
; Auto Open-Drain Pins                                                            ; On                 ; On                 ;
; Perform WYSIWYG Primitive Resynthesis                                           ; Off                ; Off                ;
; Auto ROM Replacement                                                            ; On                 ; On                 ;
; Auto RAM Replacement                                                            ; On                 ; On                 ;
; Auto DSP Block Replacement                                                      ; On                 ; On                 ;
; Auto Shift Register Replacement                                                 ; Auto               ; Auto               ;
; Allow Shift Register Merging across Hierarchies                                 ; Auto               ; Auto               ;
; Auto Clock Enable Replacement                                                   ; On                 ; On                 ;
; Strict RAM Replacement                                                          ; Off                ; Off                ;
; Allow Synchronous Control Signals                                               ; On                 ; On                 ;
; Force Use of Synchronous Clear Signals                                          ; Off                ; Off                ;
; Auto Resource Sharing                                                           ; Off                ; Off                ;
; Allow Any RAM Size For Recognition                                              ; Off                ; Off                ;
; Allow Any ROM Size For Recognition                                              ; Off                ; Off                ;
; Allow Any Shift Register Size For Recognition                                   ; Off                ; Off                ;
; Use LogicLock Constraints during Resource Balancing                             ; On                 ; On                 ;
; Ignore translate_off and synthesis_off directives                               ; Off                ; Off                ;
; Timing-Driven Synthesis                                                         ; On                 ; On                 ;
; Report Parameter Settings                                                       ; On                 ; On                 ;
; Report Source Assignments                                                       ; On                 ; On                 ;
; Report Connectivity Checks                                                      ; On                 ; On                 ;
; Ignore Maximum Fan-Out Assignments                                              ; Off                ; Off                ;
; Synchronization Register Chain Length                                           ; 3                  ; 3                  ;
; PowerPlay Power Optimization                                                    ; Normal compilation ; Normal compilation ;
; HDL message level                                                               ; Level2             ; Level2             ;
; Suppress Register Optimization Related Messages                                 ; Off                ; Off                ;
; Number of Removed Registers Reported in Synthesis Report                        ; 5000               ; 5000               ;
; Number of Swept Nodes Reported in Synthesis Report                              ; 5000               ; 5000               ;
; Number of Inverted Registers Reported in Synthesis Report                       ; 100                ; 100                ;
; Clock MUX Protection                                                            ; On                 ; On                 ;
; Auto Gated Clock Conversion                                                     ; Off                ; Off                ;
; Block Design Naming                                                             ; Auto               ; Auto               ;
; SDC constraint protection                                                       ; Off                ; Off                ;
; Synthesis Effort                                                                ; Auto               ; Auto               ;
; Shift Register Replacement - Allow Asynchronous Clear Signal                    ; On                 ; On                 ;
; Pre-Mapping Resynthesis Optimization                                            ; Off                ; Off                ;
; Analysis & Synthesis Message Level                                              ; Medium             ; Medium             ;
; Disable Register Merging Across Hierarchies                                     ; Auto               ; Auto               ;
; Resource Aware Inference For Block RAM                                          ; On                 ; On                 ;
; Synthesis Seed                                                                  ; 1                  ; 1                  ;
; Automatic Parallel Synthesis                                                    ; On                 ; On                 ;
+---------------------------------------------------------------------------------+--------------------+--------------------+


+------------------------------------------+
; Parallel Compilation                     ;
+----------------------------+-------------+
; Processors                 ; Number      ;
+----------------------------+-------------+
; Number detected on machine ; 8           ;
; Maximum allowed            ; 4           ;
;                            ;             ;
; Average used               ; 1.00        ;
; Maximum used               ; 1           ;
;                            ;             ;
; Usage by Processor         ; % Time Used ;
;     Processor 1            ; 100.0%      ;
;     Processors 2-8         ;   0.0%      ;
+----------------------------+-------------+


+-----------------------------------------------------------------------------------------------------------------------------------------------------------+
; Analysis & Synthesis Source Files Read                                                                                                                    ;
+----------------------------------+-----------------+------------------------------------+-------------------------------------------------------+---------+
; File Name with User-Entered Path ; Used in Netlist ; File Type                          ; File Name with Absolute Path                          ; Library ;
+----------------------------------+-----------------+------------------------------------+-------------------------------------------------------+---------+
; schematic/Datapath.bdf           ; yes             ; User Block Diagram/Schematic File  ; D:/Project/nhan_project/schematic/Datapath.bdf        ;         ;
; schematic/sel2to1_8bit.bdf       ; yes             ; User Block Diagram/Schematic File  ; D:/Project/nhan_project/schematic/sel2to1_8bit.bdf    ;         ;
; schematic/sel8to1_8bit.bdf       ; yes             ; User Block Diagram/Schematic File  ; D:/Project/nhan_project/schematic/sel8to1_8bit.bdf    ;         ;
; schematic/sel2to1_1bit.bdf       ; yes             ; User Block Diagram/Schematic File  ; D:/Project/nhan_project/schematic/sel2to1_1bit.bdf    ;         ;
; schematic/full_adder_1bit.bdf    ; yes             ; User Block Diagram/Schematic File  ; D:/Project/nhan_project/schematic/full_adder_1bit.bdf ;         ;
; schematic/ALU.bdf                ; yes             ; User Block Diagram/Schematic File  ; D:/Project/nhan_project/schematic/ALU.bdf             ;         ;
; schematic/full_adder_8bit.bdf    ; yes             ; User Block Diagram/Schematic File  ; D:/Project/nhan_project/schematic/full_adder_8bit.bdf ;         ;
; schematic/compare_1bit.bdf       ; yes             ; User Block Diagram/Schematic File  ; D:/Project/nhan_project/schematic/compare_1bit.bdf    ;         ;
; schematic/compare_8bit.bdf       ; yes             ; User Block Diagram/Schematic File  ; D:/Project/nhan_project/schematic/compare_8bit.bdf    ;         ;
; schematic/register_8bit.bdf      ; yes             ; User Block Diagram/Schematic File  ; D:/Project/nhan_project/schematic/register_8bit.bdf   ;         ;
; schematic/and_8bit.bdf           ; yes             ; User Block Diagram/Schematic File  ; D:/Project/nhan_project/schematic/and_8bit.bdf        ;         ;
; schematic/sel4to1_8bit.bdf       ; yes             ; User Block Diagram/Schematic File  ; D:/Project/nhan_project/schematic/sel4to1_8bit.bdf    ;         ;
; schematic/RegisterFile.bdf       ; yes             ; User Block Diagram/Schematic File  ; D:/Project/nhan_project/schematic/RegisterFile.bdf    ;         ;
; schematic/Dmem.bdf               ; yes             ; User Block Diagram/Schematic File  ; D:/Project/nhan_project/schematic/Dmem.bdf            ;         ;
; schematic/swap.bdf               ; yes             ; User Block Diagram/Schematic File  ; D:/Project/nhan_project/schematic/swap.bdf            ;         ;
; schematic/counter.bdf            ; yes             ; User Block Diagram/Schematic File  ; D:/Project/nhan_project/schematic/counter.bdf         ;         ;
; schematic/FSM.bdf                ; yes             ; User Block Diagram/Schematic File  ; D:/Project/nhan_project/schematic/FSM.bdf             ;         ;
; schematic/logic.bdf              ; yes             ; User Block Diagram/Schematic File  ; D:/Project/nhan_project/schematic/logic.bdf           ;         ;
; schematic/Controller.bdf         ; yes             ; User Block Diagram/Schematic File  ; D:/Project/nhan_project/schematic/Controller.bdf      ;         ;
; schematic/Top.bdf                ; yes             ; User Block Diagram/Schematic File  ; D:/Project/nhan_project/schematic/Top.bdf             ;         ;
+----------------------------------+-----------------+------------------------------------+-------------------------------------------------------+---------+


+---------------------------------------------------------+
; Analysis & Synthesis Resource Usage Summary             ;
+---------------------------------------------+-----------+
; Resource                                    ; Usage     ;
+---------------------------------------------+-----------+
; Estimate of Logic utilization (ALMs needed) ; 75        ;
;                                             ;           ;
; Combinational ALUT usage for logic          ; 99        ;
;     -- 7 input functions                    ; 2         ;
;     -- 6 input functions                    ; 16        ;
;     -- 5 input functions                    ; 36        ;
;     -- 4 input functions                    ; 23        ;
;     -- <=3 input functions                  ; 22        ;
;                                             ;           ;
; Dedicated logic registers                   ; 97        ;
;                                             ;           ;
; I/O pins                                    ; 51        ;
; Total DSP Blocks                            ; 0         ;
; Maximum fan-out node                        ; clk~input ;
; Maximum fan-out                             ; 97        ;
; Total fan-out                               ; 822       ;
; Average fan-out                             ; 2.76      ;
+---------------------------------------------+-----------+


+-------------------------------------------------------------------------------------------------------------------------------------------------------------------------------------------------------------------------+
; Analysis & Synthesis Resource Utilization by Entity                                                                                                                                                                     ;
+-------------------------------------+-------------------+--------------+-------------------+------------+------+--------------+--------------------------------------------------------------------------+--------------+
; Compilation Hierarchy Node          ; LC Combinationals ; LC Registers ; Block Memory Bits ; DSP Blocks ; Pins ; Virtual Pins ; Full Hierarchy Name                                                      ; Library Name ;
+-------------------------------------+-------------------+--------------+-------------------+------------+------+--------------+--------------------------------------------------------------------------+--------------+
; |Top                                ; 99 (0)            ; 97 (0)       ; 0                 ; 0          ; 51   ; 0            ; |Top                                                                     ; work         ;
;    |Controller:inst|                ; 9 (0)             ; 4 (0)        ; 0                 ; 0          ; 0    ; 0            ; |Top|Controller:inst                                                     ; work         ;
;       |FSM:inst|                    ; 5 (5)             ; 4 (4)        ; 0                 ; 0          ; 0    ; 0            ; |Top|Controller:inst|FSM:inst                                            ; work         ;
;       |logic:inst1|                 ; 4 (4)             ; 0 (0)        ; 0                 ; 0          ; 0    ; 0            ; |Top|Controller:inst|logic:inst1                                         ; work         ;
;    |Datapath:inst2|                 ; 90 (0)            ; 93 (0)       ; 0                 ; 0          ; 0    ; 0            ; |Top|Datapath:inst2                                                      ; work         ;
;       |ALU:inst1|                   ; 12 (0)            ; 0 (0)        ; 0                 ; 0          ; 0    ; 0            ; |Top|Datapath:inst2|ALU:inst1                                            ; work         ;
;          |compare_8bit:inst1|       ; 8 (7)             ; 0 (0)        ; 0                 ; 0          ; 0    ; 0            ; |Top|Datapath:inst2|ALU:inst1|compare_8bit:inst1                         ; work         ;
;             |compare_1bit:inst5|    ; 1 (1)             ; 0 (0)        ; 0                 ; 0          ; 0    ; 0            ; |Top|Datapath:inst2|ALU:inst1|compare_8bit:inst1|compare_1bit:inst5      ; work         ;
;          |full_adder_8bit:inst|     ; 1 (0)             ; 0 (0)        ; 0                 ; 0          ; 0    ; 0            ; |Top|Datapath:inst2|ALU:inst1|full_adder_8bit:inst                       ; work         ;
;             |full_adder_1bit:inst2| ; 1 (1)             ; 0 (0)        ; 0                 ; 0          ; 0    ; 0            ; |Top|Datapath:inst2|ALU:inst1|full_adder_8bit:inst|full_adder_1bit:inst2 ; work         ;
;          |sel2to1_8bit:inst2|       ; 3 (1)             ; 0 (0)        ; 0                 ; 0          ; 0    ; 0            ; |Top|Datapath:inst2|ALU:inst1|sel2to1_8bit:inst2                         ; work         ;
;             |and_8bit:inst|         ; 2 (2)             ; 0 (0)        ; 0                 ; 0          ; 0    ; 0            ; |Top|Datapath:inst2|ALU:inst1|sel2to1_8bit:inst2|and_8bit:inst           ; work         ;
;       |Dmem:inst2|                  ; 12 (10)           ; 64 (0)       ; 0                 ; 0          ; 0    ; 0            ; |Top|Datapath:inst2|Dmem:inst2                                           ; work         ;
;          |register_8bit:inst11|     ; 0 (0)             ; 8 (8)        ; 0                 ; 0          ; 0    ; 0            ; |Top|Datapath:inst2|Dmem:inst2|register_8bit:inst11                      ; work         ;
;          |register_8bit:inst12|     ; 0 (0)             ; 8 (8)        ; 0                 ; 0          ; 0    ; 0            ; |Top|Datapath:inst2|Dmem:inst2|register_8bit:inst12                      ; work         ;
;          |register_8bit:inst13|     ; 0 (0)             ; 8 (8)        ; 0                 ; 0          ; 0    ; 0            ; |Top|Datapath:inst2|Dmem:inst2|register_8bit:inst13                      ; work         ;
;          |register_8bit:inst14|     ; 0 (0)             ; 8 (8)        ; 0                 ; 0          ; 0    ; 0            ; |Top|Datapath:inst2|Dmem:inst2|register_8bit:inst14                      ; work         ;
;          |register_8bit:inst15|     ; 0 (0)             ; 8 (8)        ; 0                 ; 0          ; 0    ; 0            ; |Top|Datapath:inst2|Dmem:inst2|register_8bit:inst15                      ; work         ;
;          |register_8bit:inst16|     ; 0 (0)             ; 8 (8)        ; 0                 ; 0          ; 0    ; 0            ; |Top|Datapath:inst2|Dmem:inst2|register_8bit:inst16                      ; work         ;
;          |register_8bit:inst17|     ; 0 (0)             ; 8 (8)        ; 0                 ; 0          ; 0    ; 0            ; |Top|Datapath:inst2|Dmem:inst2|register_8bit:inst17                      ; work         ;
;          |register_8bit:inst|       ; 0 (0)             ; 8 (8)        ; 0                 ; 0          ; 0    ; 0            ; |Top|Datapath:inst2|Dmem:inst2|register_8bit:inst                        ; work         ;
;          |sel8to1_8bit:inst19|      ; 2 (0)             ; 0 (0)        ; 0                 ; 0          ; 0    ; 0            ; |Top|Datapath:inst2|Dmem:inst2|sel8to1_8bit:inst19                       ; work         ;
;             |sel4to1_8bit:inst2|    ; 1 (1)             ; 0 (0)        ; 0                 ; 0          ; 0    ; 0            ; |Top|Datapath:inst2|Dmem:inst2|sel8to1_8bit:inst19|sel4to1_8bit:inst2    ; work         ;
;             |sel4to1_8bit:inst|     ; 1 (1)             ; 0 (0)        ; 0                 ; 0          ; 0    ; 0            ; |Top|Datapath:inst2|Dmem:inst2|sel8to1_8bit:inst19|sel4to1_8bit:inst     ; work         ;
;       |RegisterFile:inst|           ; 11 (2)            ; 25 (0)       ; 0                 ; 0          ; 0    ; 0            ; |Top|Datapath:inst2|RegisterFile:inst                                    ; work         ;
;          |register_8bit:inst1|      ; 1 (1)             ; 1 (1)        ; 0                 ; 0          ; 0    ; 0            ; |Top|Datapath:inst2|RegisterFile:inst|register_8bit:inst1                ; work         ;
;          |register_8bit:inst2|      ; 0 (0)             ; 8 (8)        ; 0                 ; 0          ; 0    ; 0            ; |Top|Datapath:inst2|RegisterFile:inst|register_8bit:inst2                ; work         ;
;          |register_8bit:inst3|      ; 0 (0)             ; 8 (8)        ; 0                 ; 0          ; 0    ; 0            ; |Top|Datapath:inst2|RegisterFile:inst|register_8bit:inst3                ; work         ;
;          |register_8bit:inst|       ; 0 (0)             ; 8 (8)        ; 0                 ; 0          ; 0    ; 0            ; |Top|Datapath:inst2|RegisterFile:inst|register_8bit:inst                 ; work         ;
;          |sel4to1_8bit:inst20|      ; 8 (8)             ; 0 (0)        ; 0                 ; 0          ; 0    ; 0            ; |Top|Datapath:inst2|RegisterFile:inst|sel4to1_8bit:inst20                ; work         ;
;       |counter:inst5|               ; 5 (5)             ; 4 (4)        ; 0                 ; 0          ; 0    ; 0            ; |Top|Datapath:inst2|counter:inst5                                        ; work         ;
;       |sel2to1_8bit:inst20|         ; 8 (8)             ; 0 (0)        ; 0                 ; 0          ; 0    ; 0            ; |Top|Datapath:inst2|sel2to1_8bit:inst20                                  ; work         ;
;       |sel2to1_8bit:inst3|          ; 20 (20)           ; 0 (0)        ; 0                 ; 0          ; 0    ; 0            ; |Top|Datapath:inst2|sel2to1_8bit:inst3                                   ; work         ;
;       |sel2to1_8bit:inst4|          ; 6 (3)             ; 0 (0)        ; 0                 ; 0          ; 0    ; 0            ; |Top|Datapath:inst2|sel2to1_8bit:inst4                                   ; work         ;
;          |and_8bit:inst|            ; 3 (3)             ; 0 (0)        ; 0                 ; 0          ; 0    ; 0            ; |Top|Datapath:inst2|sel2to1_8bit:inst4|and_8bit:inst                     ; work         ;
;       |sel2to1_8bit:inst8|          ; 15 (8)            ; 0 (0)        ; 0                 ; 0          ; 0    ; 0            ; |Top|Datapath:inst2|sel2to1_8bit:inst8                                   ; work         ;
;          |and_8bit:inst|            ; 7 (7)             ; 0 (0)        ; 0                 ; 0          ; 0    ; 0            ; |Top|Datapath:inst2|sel2to1_8bit:inst8|and_8bit:inst                     ; work         ;
;       |swap:inst6|                  ; 1 (1)             ; 0 (0)        ; 0                 ; 0          ; 0    ; 0            ; |Top|Datapath:inst2|swap:inst6                                           ; work         ;
+-------------------------------------+-------------------+--------------+-------------------+------------+------+--------------+--------------------------------------------------------------------------+--------------+
Note: For table entries with two numbers listed, the numbers in parentheses indicate the number of resources of the given type used by the specific entity alone. The numbers listed outside of parentheses indicate the total resources of the given type used by the specific entity and all of its sub-entities in the hierarchy.


+-----------------------------------------------------------------------------------------------------+
; Registers Removed During Synthesis                                                                  ;
+------------------------------------------------------------+----------------------------------------+
; Register name                                              ; Reason for Removal                     ;
+------------------------------------------------------------+----------------------------------------+
; Datapath:inst2|RegisterFile:inst|register_8bit:inst1|inst  ; Lost fanout                            ;
; Datapath:inst2|RegisterFile:inst|register_8bit:inst1|inst1 ; Lost fanout                            ;
; Datapath:inst2|RegisterFile:inst|register_8bit:inst1|inst2 ; Lost fanout                            ;
; Datapath:inst2|RegisterFile:inst|register_8bit:inst1|inst3 ; Lost fanout                            ;
; Datapath:inst2|RegisterFile:inst|register_8bit:inst1|inst6 ; Lost fanout                            ;
; Datapath:inst2|RegisterFile:inst|register_8bit:inst1|inst7 ; Lost fanout                            ;
; Datapath:inst2|RegisterFile:inst|register_8bit:inst1|inst4 ; Lost fanout                            ;
; Datapath:inst2|counter:inst5|inst2                         ; Stuck at GND due to stuck port data_in ;
; Total Number of Removed Registers = 8                      ;                                        ;
+------------------------------------------------------------+----------------------------------------+


+------------------------------------------------------+
; General Register Statistics                          ;
+----------------------------------------------+-------+
; Statistic                                    ; Value ;
+----------------------------------------------+-------+
; Total registers                              ; 97    ;
; Number of registers using Synchronous Clear  ; 0     ;
; Number of registers using Synchronous Load   ; 0     ;
; Number of registers using Asynchronous Clear ; 0     ;
; Number of registers using Asynchronous Load  ; 0     ;
; Number of registers using Clock Enable       ; 91    ;
; Number of registers using Preset             ; 0     ;
+----------------------------------------------+-------+


+----------------------------------------------------------------------------------------------------------------------------------------------------------------+
; Multiplexer Restructuring Statistics (Restructuring Performed)                                                                                                 ;
+--------------------+-----------+---------------+----------------------+------------------------+------------+--------------------------------------------------+
; Multiplexer Inputs ; Bus Width ; Baseline Area ; Area if Restructured ; Saving if Restructured ; Registered ; Example Multiplexer Output                       ;
+--------------------+-----------+---------------+----------------------+------------------------+------------+--------------------------------------------------+
; 3:1                ; 3 bits    ; 6 LEs         ; 6 LEs                ; 0 LEs                  ; No         ; |Top|Datapath:inst2|sel2to1_8bit:inst4|inst3[0]  ;
; 3:1                ; 8 bits    ; 16 LEs        ; 16 LEs               ; 0 LEs                  ; No         ; |Top|Datapath:inst2|sel2to1_8bit:inst20|inst3[7] ;
; 3:1                ; 6 bits    ; 12 LEs        ; 12 LEs               ; 0 LEs                  ; No         ; |Top|Datapath:inst2|sel2to1_8bit:inst3|inst3[2]  ;
; 4:1                ; 2 bits    ; 4 LEs         ; 4 LEs                ; 0 LEs                  ; No         ; |Top|Datapath:inst2|sel2to1_8bit:inst8|inst3[0]  ;
+--------------------+-----------+---------------+----------------------+------------------------+------------+--------------------------------------------------+


+-------------------------------+
; Elapsed Time Per Partition    ;
+----------------+--------------+
; Partition Name ; Elapsed Time ;
+----------------+--------------+
; Top            ; 00:00:00     ;
+----------------+--------------+


+-------------------------------+
; Analysis & Synthesis Messages ;
+-------------------------------+
Info: *******************************************************************
Info: Running Quartus II 64-Bit Analysis & Synthesis
    Info: Version 13.1.0 Build 162 10/23/2013 SJ Web Edition
    Info: Processing started: Tue Nov 12 16:00:34 2024
Info: Command: quartus_map --read_settings_files=on --write_settings_files=off quartus -c quartus
Info (11104): Parallel Compilation has detected 8 hyper-threaded processors. However, the extra hyper-threaded processors will not be used by default. Parallel Compilation will use 4 of the 4 physical processors detected instead.
Info (12021): Found 1 design units, including 1 entities, in source file schematic/datapath.bdf
    Info (12023): Found entity 1: Datapath
Info (12021): Found 1 design units, including 1 entities, in source file schematic/sel2to1_8bit.bdf
    Info (12023): Found entity 1: sel2to1_8bit
Info (12021): Found 1 design units, including 1 entities, in source file schematic/sel8to1_8bit.bdf
    Info (12023): Found entity 1: sel8to1_8bit
Info (12021): Found 1 design units, including 1 entities, in source file schematic/sel2to1_1bit.bdf
    Info (12023): Found entity 1: sel2to1_1bit
Info (12021): Found 1 design units, including 1 entities, in source file schematic/full_adder_1bit.bdf
    Info (12023): Found entity 1: full_adder_1bit
Info (12021): Found 1 design units, including 1 entities, in source file schematic/alu.bdf
    Info (12023): Found entity 1: ALU
Info (12021): Found 1 design units, including 1 entities, in source file schematic/full_adder_8bit.bdf
    Info (12023): Found entity 1: full_adder_8bit
Info (12021): Found 1 design units, including 1 entities, in source file schematic/compare_1bit.bdf
    Info (12023): Found entity 1: compare_1bit
Info (12021): Found 1 design units, including 1 entities, in source file schematic/compare_8bit.bdf
    Info (12023): Found entity 1: compare_8bit
Info (12021): Found 1 design units, including 1 entities, in source file schematic/register_8bit.bdf
    Info (12023): Found entity 1: register_8bit
Info (12021): Found 1 design units, including 1 entities, in source file schematic/and_8bit.bdf
    Info (12023): Found entity 1: and_8bit
Info (12021): Found 1 design units, including 1 entities, in source file schematic/sel4to1_8bit.bdf
    Info (12023): Found entity 1: sel4to1_8bit
Info (12021): Found 1 design units, including 1 entities, in source file schematic/registerfile.bdf
    Info (12023): Found entity 1: RegisterFile
Info (12021): Found 1 design units, including 1 entities, in source file schematic/dmem.bdf
    Info (12023): Found entity 1: Dmem
Info (12021): Found 1 design units, including 1 entities, in source file schematic/swap.bdf
    Info (12023): Found entity 1: swap
Info (12021): Found 1 design units, including 1 entities, in source file schematic/counter.bdf
    Info (12023): Found entity 1: counter
Info (12021): Found 1 design units, including 1 entities, in source file schematic/fsm.bdf
    Info (12023): Found entity 1: FSM
Info (12021): Found 1 design units, including 1 entities, in source file schematic/logic.bdf
    Info (12023): Found entity 1: logic
Info (12021): Found 1 design units, including 1 entities, in source file schematic/controller.bdf
    Info (12023): Found entity 1: Controller
Info (12021): Found 1 design units, including 1 entities, in source file schematic/top.bdf
    Info (12023): Found entity 1: Top
Info (12127): Elaborating entity "Top" for the top level hierarchy
Info (12128): Elaborating entity "Datapath" for hierarchy "Datapath:inst2"
Info (12128): Elaborating entity "counter" for hierarchy "Datapath:inst2|counter:inst5"
Info (12128): Elaborating entity "sel2to1_1bit" for hierarchy "Datapath:inst2|counter:inst5|sel2to1_1bit:inst27"
Info (12128): Elaborating entity "Dmem" for hierarchy "Datapath:inst2|Dmem:inst2"
Info (12128): Elaborating entity "register_8bit" for hierarchy "Datapath:inst2|Dmem:inst2|register_8bit:inst"
Info (12128): Elaborating entity "sel8to1_8bit" for hierarchy "Datapath:inst2|Dmem:inst2|sel8to1_8bit:inst19"
Info (12128): Elaborating entity "and_8bit" for hierarchy "Datapath:inst2|Dmem:inst2|sel8to1_8bit:inst19|and_8bit:inst11"
Info (12128): Elaborating entity "sel4to1_8bit" for hierarchy "Datapath:inst2|Dmem:inst2|sel8to1_8bit:inst19|sel4to1_8bit:inst2"
Info (12128): Elaborating entity "ALU" for hierarchy "Datapath:inst2|ALU:inst1"
Info (12128): Elaborating entity "sel2to1_8bit" for hierarchy "Datapath:inst2|ALU:inst1|sel2to1_8bit:inst2"
Info (12128): Elaborating entity "full_adder_8bit" for hierarchy "Datapath:inst2|ALU:inst1|full_adder_8bit:inst"
Warning (275002): No superset bus at connection
Warning (275002): No superset bus at connection
Info (12128): Elaborating entity "full_adder_1bit" for hierarchy "Datapath:inst2|ALU:inst1|full_adder_8bit:inst|full_adder_1bit:inst"
Info (12128): Elaborating entity "compare_8bit" for hierarchy "Datapath:inst2|ALU:inst1|compare_8bit:inst1"
Info (12128): Elaborating entity "compare_1bit" for hierarchy "Datapath:inst2|ALU:inst1|compare_8bit:inst1|compare_1bit:inst"
Info (12128): Elaborating entity "RegisterFile" for hierarchy "Datapath:inst2|RegisterFile:inst"
Info (12128): Elaborating entity "swap" for hierarchy "Datapath:inst2|swap:inst6"
Info (12128): Elaborating entity "Controller" for hierarchy "Controller:inst"
Info (12128): Elaborating entity "logic" for hierarchy "Controller:inst|logic:inst1"
Info (12128): Elaborating entity "FSM" for hierarchy "Controller:inst|FSM:inst"
Warning (13046): Tri-state node(s) do not directly drive top-level pin(s)
    Warning (13049): Converted tri-state buffer "Datapath:inst2|Dmem:inst2|inst9[7]" feeding internal logic into a wire
    Warning (13049): Converted tri-state buffer "Datapath:inst2|Dmem:inst2|inst9[6]" feeding internal logic into a wire
    Warning (13049): Converted tri-state buffer "Datapath:inst2|Dmem:inst2|inst9[5]" feeding internal logic into a wire
    Warning (13049): Converted tri-state buffer "Datapath:inst2|Dmem:inst2|inst9[4]" feeding internal logic into a wire
    Warning (13049): Converted tri-state buffer "Datapath:inst2|Dmem:inst2|inst9[3]" feeding internal logic into a wire
    Warning (13049): Converted tri-state buffer "Datapath:inst2|Dmem:inst2|inst9[2]" feeding internal logic into a wire
    Warning (13049): Converted tri-state buffer "Datapath:inst2|Dmem:inst2|inst9[1]" feeding internal logic into a wire
    Warning (13049): Converted tri-state buffer "Datapath:inst2|Dmem:inst2|inst9[0]" feeding internal logic into a wire
Info (286030): Timing-Driven Synthesis is running
Info (17049): 7 registers lost all their fanouts during netlist optimizations.
Info (16010): Generating hard_block partition "hard_block:auto_generated_inst"
    Info (16011): Adding 0 node(s), including 0 DDIO, 0 PLL, 0 transceiver and 0 LCELL
Info (21057): Implemented 238 device resources after synthesis - the final resource count might be different
    Info (21058): Implemented 10 input pins
    Info (21059): Implemented 41 output pins
    Info (21061): Implemented 187 logic cells
Info: Quartus II 64-Bit Analysis & Synthesis was successful. 0 errors, 11 warnings
    Info: Peak virtual memory: 4703 megabytes
    Info: Processing ended: Tue Nov 12 16:00:36 2024
    Info: Elapsed time: 00:00:02
    Info: Total CPU time (on all processors): 00:00:01


